2017-11-23 22:10:30 INFO  ProjectTracker:54 - New issue was created by Project Id and added to the issue Collection
2017-11-23 22:10:30 INFO  ProjectTracker:33 - New issue was created and added to the issue Collection
2017-11-23 22:10:30 INFO  ProjectTracker:33 - New issue was created and added to the issue Collection
2017-11-23 22:10:30 INFO  ProjectTracker:33 - New issue was created and added to the issue Collection
2017-11-23 22:10:30 INFO  ProjectTracker:33 - New issue was created and added to the issue Collection
2017-11-23 22:10:30 INFO  ProjectTracker:33 - New issue was created and added to the issue Collection
2017-11-23 22:10:30 INFO  ProjectTracker:33 - New issue was created and added to the issue Collection
2017-11-23 22:10:30 INFO  ProjectTracker:33 - New issue was created and added to the issue Collection
2017-11-23 22:10:30 INFO  ProjectTracker:33 - New issue was created and added to the issue Collection
2017-11-23 22:10:30 INFO  ProjectTracker:33 - New issue was created and added to the issue Collection
2017-11-23 22:10:30 INFO  ProjectTracker:33 - New issue was created and added to the issue Collection
2017-11-23 22:10:30 INFO  ProjectTracker:33 - New issue was created and added to the issue Collection
2017-11-23 22:10:30 INFO  ProjectTracker:33 - New issue was created and added to the issue Collection
2017-11-23 22:10:30 INFO  ProjectTracker:25 - Parameters was null. Write parameters project and summary.
2017-11-23 22:10:30 INFO  ProjectTracker:25 - Parameters was null. Write parameters project and summary.
2017-11-23 22:10:30 INFO  ProjectTracker:33 - New issue was created and added to the issue Collection
2017-11-23 22:10:30 INFO  ProjectTracker:33 - New issue was created and added to the issue Collection
2017-11-23 22:10:30 INFO  ProjectTracker:33 - New issue was created and added to the issue Collection
2017-11-23 22:10:30 INFO  ProjectTracker:33 - New issue was created and added to the issue Collection
2017-11-23 22:10:30 INFO  ProjectTracker:33 - New issue was created and added to the issue Collection
2017-11-23 22:10:30 INFO  ProjectTracker:33 - New issue was created and added to the issue Collection
2017-11-23 22:10:30 INFO  ProjectTracker:33 - New issue was created and added to the issue Collection
2017-11-23 22:10:30 INFO  ProjectTracker:33 - New issue was created and added to the issue Collection
2017-11-23 22:10:30 INFO  ProjectTracker:33 - New issue was created and added to the issue Collection
2017-11-23 22:10:30 INFO  ProjectTracker:33 - New issue was created and added to the issue Collection
2017-11-23 22:10:30 INFO  ProjectTracker:33 - New issue was created and added to the issue Collection
2017-11-23 22:10:30 INFO  ProjectTracker:33 - New issue was created and added to the issue Collection
2017-11-23 22:10:30 INFO  ProjectTracker:33 - New issue was created and added to the issue Collection
2017-11-24 08:43:29 INFO  ProjectTracker:83 - New issue was created by Project Id and added to the issue Collection
2017-11-24 08:43:29 INFO  ProjectTracker:55 - New issue was created and added to the issue Collection
2017-11-24 08:43:29 INFO  ProjectTracker:55 - New issue was created and added to the issue Collection
2017-11-24 08:43:29 INFO  ProjectTracker:55 - New issue was created and added to the issue Collection
2017-11-24 08:43:29 INFO  ProjectTracker:55 - New issue was created and added to the issue Collection
2017-11-24 08:43:29 INFO  ProjectTracker:55 - New issue was created and added to the issue Collection
2017-11-24 08:43:29 INFO  ProjectTracker:47 - Parameters was null. Write parameters: project and summary.
2017-11-24 08:43:29 INFO  ProjectTracker:47 - Parameters was null. Write parameters: project and summary.
2017-11-24 08:43:29 INFO  ProjectTracker:55 - New issue was created and added to the issue Collection
2017-11-24 08:43:29 INFO  ProjectTracker:55 - New issue was created and added to the issue Collection
2017-11-24 08:43:29 INFO  ProjectTracker:55 - New issue was created and added to the issue Collection
2017-11-24 08:43:29 INFO  ProjectTracker:55 - New issue was created and added to the issue Collection
2017-11-24 08:43:29 INFO  ProjectTracker:55 - New issue was created and added to the issue Collection
2017-11-24 08:43:29 INFO  ProjectTracker:55 - New issue was created and added to the issue Collection
2017-11-24 08:43:29 INFO  ProjectTracker:55 - New issue was created and added to the issue Collection
2017-11-24 08:43:29 INFO  ProjectTracker:55 - New issue was created and added to the issue Collection
2017-11-24 08:43:29 INFO  ProjectTracker:55 - New issue was created and added to the issue Collection
2017-11-24 08:43:29 INFO  ProjectTracker:55 - New issue was created and added to the issue Collection
2017-11-24 08:43:29 INFO  ProjectTracker:55 - New issue was created and added to the issue Collection
2017-11-24 08:43:29 INFO  ProjectTracker:55 - New issue was created and added to the issue Collection
2017-11-24 08:43:29 INFO  ProjectTracker:55 - New issue was created and added to the issue Collection
2017-11-24 08:43:29 INFO  ProjectTracker:55 - New issue was created and added to the issue Collection
2017-11-24 08:43:29 INFO  ProjectTracker:55 - New issue was created and added to the issue Collection
2017-11-24 08:43:29 INFO  ProjectTracker:55 - New issue was created and added to the issue Collection
2017-11-24 10:28:23 INFO  MyVoteRegistry:29 - Returns number of votes
2017-11-24 10:28:23 INFO  MyVoteRegistry:29 - Returns number of votes
2017-11-24 10:28:23 INFO  MyVoteRegistry:29 - Returns number of votes
2017-11-24 10:54:45 INFO  MyVoteRegistry:35 - Returns number of votes
2017-11-24 10:54:45 INFO  MyVoteRegistry:35 - Returns number of votes
2017-11-24 10:57:38 INFO  MyVoteRegistry:35 - Returns number of votes
2017-11-24 10:57:38 INFO  MyVoteRegistry:35 - Returns number of votes
2017-11-24 11:01:32 INFO  MyVoteRegistry:35 - Returns number of votes
2017-11-24 11:01:32 INFO  MyVoteRegistry:35 - Returns number of votes
2017-11-24 11:01:32 INFO  MyVoteRegistry:35 - Returns number of votes
2017-11-24 11:12:18 INFO  MyVoteRegistry:36 - Returns number of votes
2017-11-24 11:12:18 INFO  MyVoteRegistry:36 - Returns number of votes
2017-11-24 11:13:51 INFO  MyVoteRegistry:36 - Returns number of votes
2017-11-24 11:13:51 INFO  MyVoteRegistry:36 - Returns number of votes
2017-11-24 11:13:51 INFO  MyVoteRegistry:36 - Returns number of votes
2017-11-24 11:15:01 INFO  MyVoteRegistry:36 - Returns number of votes
2017-11-24 11:15:01 INFO  MyVoteRegistry:36 - Returns number of votes
2017-11-24 11:15:01 INFO  MyVoteRegistry:36 - Returns number of votes
2017-11-24 11:19:49 INFO  MyVoteRegistry:36 - Returns number of votes
2017-11-24 11:19:49 INFO  MyVoteRegistry:36 - Returns number of votes
2017-11-24 11:19:49 INFO  MyVoteRegistry:47 - Non Unique Votes Are Not Registered
2017-11-24 11:19:49 INFO  MyVoteRegistry:36 - Returns number of votes
2017-11-24 11:20:50 INFO  MyVoteRegistry:36 - Returns number of votes
2017-11-24 11:20:50 INFO  MyVoteRegistry:36 - Returns number of votes
2017-11-24 11:20:50 INFO  MyVoteRegistry:47 - Non Unique Votes Are Not Registered
2017-11-24 11:20:50 INFO  MyVoteRegistry:36 - Returns number of votes
2017-11-24 12:48:16 INFO  MyMessageBoard:39 - Returns total number of messages without messages containing alcohol advertisements.
2017-11-24 12:48:16 INFO  MyMessageBoard:39 - Returns total number of messages without messages containing alcohol advertisements.
